{"level":"info","time":"2025-09-18T22:54:01Z","message":"Running sync with state: {\"type\":\"STREAM\"}"}
{"level":"info","time":"2025-09-18T22:54:01Z","message":"setting max threads to default[%d]%!(EXTRA int=3)"}
{"level":"info","time":"2025-09-18T22:54:01Z","message":"Starting discover for MongoDB database olake_mongodb_test"}
{"level":"info","time":"2025-09-18T22:54:01Z","message":"producing type schema for stream [test_collection]"}
{"level":"info","time":"2025-09-18T22:54:01Z","message":"Valid selected streams are olake_mongodb_test.test_collection"}
{"level":"info","time":"2025-09-18T22:54:01Z","message":"Thread[test_parquet_destination]: s3 writer configuration found"}
{"level":"info","time":"2025-09-18T22:54:01Z","message":"Thread[test_parquet_destination]: no streams selected for clearing, skipping clear operation"}
{"level":"info","time":"2025-09-18T22:54:01Z","message":"Total expected count for stream olake_mongodb_test.test_collection: 3"}
{"level":"info","time":"2025-09-18T22:54:01Z","message":"_id is  ObjectID"}
{"level":"info","time":"2025-09-18T22:54:01Z","message":"Starting backfill for stream[test_collection] with 1 chunks"}
{"level":"info","time":"2025-09-18T22:54:01Z","message":"Thread[olake_mongodb_test.test_collection_01K5FGHRKW15G8C5HFK88E97JH]: created writer for chunk min[68cc8d7b589660d8372b925c] and max[%!s(<nil>)] of stream olake_mongodb_test.test_collection"}
{"level":"info","time":"2025-09-18T22:54:01Z","message":"Thread[olake_mongodb_test.test_collection_01K5FGHRKW15G8C5HFK88E97JH]: created new partition file[/tmp/mongodb_olake_mongodb_test/test_collection/2025-9-18_22-54-1_01K5FGHRKYEJD6CQ92Q85GAYY1.parquet]"}
{"level":"info","time":"2025-09-18T22:54:01Z","message":"Thread[olake_mongodb_test.test_collection_01K5FGHRKW15G8C5HFK88E97JH]: successfully wrote 3 records"}
{"level":"info","time":"2025-09-18T22:54:01Z","message":"Thread[olake_mongodb_test.test_collection_01K5FGHRKW15G8C5HFK88E97JH]: Finished writing file [/tmp/mongodb_olake_mongodb_test/test_collection/2025-9-18_22-54-1_01K5FGHRKYEJD6CQ92Q85GAYY1.parquet]."}
{"level":"debug","time":"2025-09-18T22:54:01Z","message":"Thread[olake_mongodb_test.test_collection_01K5FGHRKW15G8C5HFK88E97JH]: Deleted file [/tmp/mongodb_olake_mongodb_test/test_collection/2025-9-18_22-54-1_01K5FGHRKYEJD6CQ92Q85GAYY1.parquet], reason (uploaded to S3)."}
{"level":"info","time":"2025-09-18T22:54:01Z","message":"Thread[olake_mongodb_test.test_collection_01K5FGHRKW15G8C5HFK88E97JH]: successfully uploaded file to S3: s3://olake-data/mongodb_olake_mongodb_test/test_collection/2025-9-18_22-54-1_01K5FGHRKYEJD6CQ92Q85GAYY1.parquet"}
{"level":"info","time":"2025-09-18T22:54:01Z","message":"finished chunk min[68cc8d7b589660d8372b925c] and max[<nil>] of stream olake_mongodb_test.test_collection"}
{"level":"info","time":"2025-09-18T22:54:01Z","message":"Thread[olake_mongodb_test.test_collection_01K5FGHRM2VZK0VTAJW7C7GX5S]: created cdc writer for stream olake_mongodb_test.test_collection"}
{"level":"info","time":"2025-09-18T22:54:01Z","message":"Starting CDC sync for stream[olake_mongodb_test.test_collection] with resume token[8268CC8D86000000022B0229296E04]"}
{"level":"info","time":"2025-09-18T22:54:01Z","message":"Total records read: 3"}
{"level":"info","time":"2025-09-18T22:54:01Z","message":"Sync completed, wait 5 seconds cleanup in progress..."}
