{"level":"info","time":"2025-09-18T22:47:17Z","message":"Running sync with state: {\"type\":\"STREAM\"}"}
{"level":"info","time":"2025-09-18T22:47:17Z","message":"setting max threads to default[%d]%!(EXTRA int=3)"}
{"level":"info","time":"2025-09-18T22:47:17Z","message":"Starting discover for MongoDB database olake_mongodb_test"}
{"level":"info","time":"2025-09-18T22:47:17Z","message":"producing type schema for stream [test_collection]"}
{"level":"info","time":"2025-09-18T22:47:17Z","message":"Valid selected streams are olake_mongodb_test.test_collection"}
{"level":"info","time":"2025-09-18T22:47:17Z","message":"Thread[test_parquet_destination]: s3 writer configuration found"}
{"level":"info","time":"2025-09-18T22:47:17Z","message":"Thread[test_parquet_destination]: no streams selected for clearing, skipping clear operation"}
{"level":"info","time":"2025-09-18T22:47:17Z","message":"Total expected count for stream olake_mongodb_test.test_collection: 4"}
{"level":"info","time":"2025-09-18T22:47:17Z","message":"_id is  ObjectID"}
{"level":"info","time":"2025-09-18T22:47:17Z","message":"Starting backfill for stream[test_collection] with 1 chunks"}
{"level":"info","time":"2025-09-18T22:47:17Z","message":"Thread[olake_mongodb_test.test_collection_01K5FG5DB1JBQA6T4KBXSDH8ZE]: created writer for chunk min[68cc8aadbf87edbad42b925c] and max[%!s(<nil>)] of stream olake_mongodb_test.test_collection"}
{"level":"info","time":"2025-09-18T22:47:17Z","message":"Thread[olake_mongodb_test.test_collection_01K5FG5DB1JBQA6T4KBXSDH8ZE]: created new partition file[/tmp/mongodb_olake_mongodb_test/test_collection/2025-9-18_22-47-17_01K5FG5DB2CA2R0B6QA58WC86Q.parquet]"}
{"level":"info","time":"2025-09-18T22:47:17Z","message":"Thread[olake_mongodb_test.test_collection_01K5FG5DB1JBQA6T4KBXSDH8ZE]: successfully wrote 4 records"}
{"level":"info","time":"2025-09-18T22:47:17Z","message":"Thread[olake_mongodb_test.test_collection_01K5FG5DB1JBQA6T4KBXSDH8ZE]: Finished writing file [/tmp/mongodb_olake_mongodb_test/test_collection/2025-9-18_22-47-17_01K5FG5DB2CA2R0B6QA58WC86Q.parquet]."}
{"level":"debug","time":"2025-09-18T22:47:17Z","message":"Thread[olake_mongodb_test.test_collection_01K5FG5DB1JBQA6T4KBXSDH8ZE]: Deleted file [/tmp/mongodb_olake_mongodb_test/test_collection/2025-9-18_22-47-17_01K5FG5DB2CA2R0B6QA58WC86Q.parquet], reason (uploaded to S3)."}
{"level":"info","time":"2025-09-18T22:47:17Z","message":"Thread[olake_mongodb_test.test_collection_01K5FG5DB1JBQA6T4KBXSDH8ZE]: successfully uploaded file to S3: s3://olake-data/mongodb_olake_mongodb_test/test_collection/2025-9-18_22-47-17_01K5FG5DB2CA2R0B6QA58WC86Q.parquet"}
{"level":"info","time":"2025-09-18T22:47:17Z","message":"finished chunk min[68cc8aadbf87edbad42b925c] and max[<nil>] of stream olake_mongodb_test.test_collection"}
{"level":"info","time":"2025-09-18T22:47:17Z","message":"Thread[olake_mongodb_test.test_collection_01K5FG5DB69T82P6GE7EAPFJVD]: created cdc writer for stream olake_mongodb_test.test_collection"}
{"level":"info","time":"2025-09-18T22:47:17Z","message":"Starting CDC sync for stream[olake_mongodb_test.test_collection] with resume token[8268CC8BF4000000022B0229296E04]"}
{"level":"info","time":"2025-09-18T22:47:17Z","message":"Total records read: 4"}
{"level":"info","time":"2025-09-18T22:47:17Z","message":"Sync completed, wait 5 seconds cleanup in progress..."}
