{"level":"info","time":"2025-09-18T23:03:38Z","message":"Running sync with state: {\"type\":\"STREAM\"}"}
{"level":"info","time":"2025-09-18T23:03:38Z","message":"setting max threads to default[%d]%!(EXTRA int=3)"}
{"level":"info","time":"2025-09-18T23:03:38Z","message":"Starting discover for MongoDB database olake_mongodb_test"}
{"level":"info","time":"2025-09-18T23:03:38Z","message":"producing type schema for stream [test_collection]"}
{"level":"info","time":"2025-09-18T23:03:38Z","message":"Valid selected streams are olake_mongodb_test.test_collection"}
{"level":"info","time":"2025-09-18T23:03:38Z","message":"Thread[test_parquet_destination]: s3 writer configuration found"}
{"level":"info","time":"2025-09-18T23:03:38Z","message":"Thread[test_parquet_destination]: no streams selected for clearing, skipping clear operation"}
{"level":"info","time":"2025-09-18T23:03:38Z","message":"Total expected count for stream olake_mongodb_test.test_collection: 3"}
{"level":"info","time":"2025-09-18T23:03:38Z","message":"_id is  ObjectID"}
{"level":"info","time":"2025-09-18T23:03:38Z","message":"Starting backfill for stream[test_collection] with 1 chunks"}
{"level":"info","time":"2025-09-18T23:03:38Z","message":"Thread[olake_mongodb_test.test_collection_01K5FH3BYQ9XAX4C6H46M8DZ6D]: created writer for chunk min[68cc8f8fb5cea252642b925c] and max[%!s(<nil>)] of stream olake_mongodb_test.test_collection"}
{"level":"info","time":"2025-09-18T23:03:38Z","message":"Thread[olake_mongodb_test.test_collection_01K5FH3BYQ9XAX4C6H46M8DZ6D]: created new partition file[/tmp/mongodb_olake_mongodb_test/test_collection/2025-9-18_23-3-38_01K5FH3BYRYSGFCY4X8FJX32N7.parquet]"}
{"level":"info","time":"2025-09-18T23:03:38Z","message":"Thread[olake_mongodb_test.test_collection_01K5FH3BYQ9XAX4C6H46M8DZ6D]: successfully wrote 3 records"}
{"level":"info","time":"2025-09-18T23:03:38Z","message":"Thread[olake_mongodb_test.test_collection_01K5FH3BYQ9XAX4C6H46M8DZ6D]: Finished writing file [/tmp/mongodb_olake_mongodb_test/test_collection/2025-9-18_23-3-38_01K5FH3BYRYSGFCY4X8FJX32N7.parquet]."}
{"level":"debug","time":"2025-09-18T23:03:38Z","message":"Thread[olake_mongodb_test.test_collection_01K5FH3BYQ9XAX4C6H46M8DZ6D]: Deleted file [/tmp/mongodb_olake_mongodb_test/test_collection/2025-9-18_23-3-38_01K5FH3BYRYSGFCY4X8FJX32N7.parquet], reason (uploaded to S3)."}
{"level":"info","time":"2025-09-18T23:03:38Z","message":"Thread[olake_mongodb_test.test_collection_01K5FH3BYQ9XAX4C6H46M8DZ6D]: successfully uploaded file to S3: s3://olake-data/mongodb_olake_mongodb_test/test_collection/2025-9-18_23-3-38_01K5FH3BYRYSGFCY4X8FJX32N7.parquet"}
{"level":"info","time":"2025-09-18T23:03:38Z","message":"finished chunk min[68cc8f8fb5cea252642b925c] and max[<nil>] of stream olake_mongodb_test.test_collection"}
{"level":"info","time":"2025-09-18T23:03:38Z","message":"Thread[olake_mongodb_test.test_collection_01K5FH3BYVQJSQS5S6N0VAXBBC]: created cdc writer for stream olake_mongodb_test.test_collection"}
{"level":"info","time":"2025-09-18T23:03:38Z","message":"Starting CDC sync for stream[olake_mongodb_test.test_collection] with resume token[8268CC8FC2000000022B0229296E04]"}
{"level":"info","time":"2025-09-18T23:03:38Z","message":"Total records read: 3"}
{"level":"info","time":"2025-09-18T23:03:38Z","message":"Sync completed, wait 5 seconds cleanup in progress..."}
