{"level":"info","time":"2025-09-18T22:46:15Z","message":"Running sync with state: {\"type\":\"STREAM\"}"}
{"level":"info","time":"2025-09-18T22:46:15Z","message":"setting max threads to default[%d]%!(EXTRA int=3)"}
{"level":"info","time":"2025-09-18T22:46:15Z","message":"Starting discover for MongoDB database olake_mongodb_test"}
{"level":"info","time":"2025-09-18T22:46:15Z","message":"producing type schema for stream [test_collection]"}
{"level":"info","time":"2025-09-18T22:46:15Z","message":"Valid selected streams are olake_mongodb_test.test_collection"}
{"level":"info","time":"2025-09-18T22:46:15Z","message":"Thread[test_parquet_destination]: s3 writer configuration found"}
{"level":"info","time":"2025-09-18T22:46:15Z","message":"Thread[test_parquet_destination]: no streams selected for clearing, skipping clear operation"}
{"level":"info","time":"2025-09-18T22:46:15Z","message":"Total expected count for stream olake_mongodb_test.test_collection: 3"}
{"level":"info","time":"2025-09-18T22:46:15Z","message":"_id is  ObjectID"}
{"level":"info","time":"2025-09-18T22:46:15Z","message":"Starting backfill for stream[test_collection] with 1 chunks"}
{"level":"info","time":"2025-09-18T22:46:15Z","message":"Thread[olake_mongodb_test.test_collection_01K5FG3GZ1S3NC3PT2FYK2F0KJ]: created writer for chunk min[68cc8aadbf87edbad42b925c] and max[%!s(<nil>)] of stream olake_mongodb_test.test_collection"}
{"level":"info","time":"2025-09-18T22:46:15Z","message":"Thread[olake_mongodb_test.test_collection_01K5FG3GZ1S3NC3PT2FYK2F0KJ]: created new partition file[/tmp/mongodb_olake_mongodb_test/test_collection/2025-9-18_22-46-15_01K5FG3GZ3R6FS0YFBREHTJWHT.parquet]"}
{"level":"info","time":"2025-09-18T22:46:15Z","message":"Thread[olake_mongodb_test.test_collection_01K5FG3GZ1S3NC3PT2FYK2F0KJ]: successfully wrote 3 records"}
{"level":"info","time":"2025-09-18T22:46:15Z","message":"Thread[olake_mongodb_test.test_collection_01K5FG3GZ1S3NC3PT2FYK2F0KJ]: Finished writing file [/tmp/mongodb_olake_mongodb_test/test_collection/2025-9-18_22-46-15_01K5FG3GZ3R6FS0YFBREHTJWHT.parquet]."}
{"level":"debug","time":"2025-09-18T22:46:15Z","message":"Thread[olake_mongodb_test.test_collection_01K5FG3GZ1S3NC3PT2FYK2F0KJ]: Deleted file [/tmp/mongodb_olake_mongodb_test/test_collection/2025-9-18_22-46-15_01K5FG3GZ3R6FS0YFBREHTJWHT.parquet], reason (uploaded to S3)."}
{"level":"info","time":"2025-09-18T22:46:15Z","message":"Thread[olake_mongodb_test.test_collection_01K5FG3GZ1S3NC3PT2FYK2F0KJ]: successfully uploaded file to S3: s3://olake-data/mongodb_olake_mongodb_test/test_collection/2025-9-18_22-46-15_01K5FG3GZ3R6FS0YFBREHTJWHT.parquet"}
{"level":"info","time":"2025-09-18T22:46:15Z","message":"finished chunk min[68cc8aadbf87edbad42b925c] and max[<nil>] of stream olake_mongodb_test.test_collection"}
{"level":"info","time":"2025-09-18T22:46:15Z","message":"Thread[olake_mongodb_test.test_collection_01K5FG3GZ6RHH794R1M6CMSRBC]: created cdc writer for stream olake_mongodb_test.test_collection"}
{"level":"info","time":"2025-09-18T22:46:15Z","message":"Starting CDC sync for stream[olake_mongodb_test.test_collection] with resume token[8268CC8BB2000000022B0229296E04]"}
{"level":"info","time":"2025-09-18T22:46:15Z","message":"Total records read: 3"}
{"level":"info","time":"2025-09-18T22:46:15Z","message":"Sync completed, wait 5 seconds cleanup in progress..."}
