{"level":"info","time":"2025-09-18T22:44:34Z","message":"Running sync with state: {\"type\":\"STREAM\"}"}
{"level":"info","time":"2025-09-18T22:44:34Z","message":"setting max threads to default[%d]%!(EXTRA int=3)"}
{"level":"info","time":"2025-09-18T22:44:34Z","message":"Starting discover for MongoDB database olake_mongodb_test"}
{"level":"info","time":"2025-09-18T22:44:34Z","message":"producing type schema for stream [test_collection]"}
{"level":"info","time":"2025-09-18T22:44:34Z","message":"Valid selected streams are olake_mongodb_test.test_collection"}
{"level":"info","time":"2025-09-18T22:44:34Z","message":"Thread[test_parquet_destination]: s3 writer configuration found"}
{"level":"info","time":"2025-09-18T22:44:34Z","message":"Thread[test_parquet_destination]: no streams selected for clearing, skipping clear operation"}
{"level":"info","time":"2025-09-18T22:44:34Z","message":"Total expected count for stream olake_mongodb_test.test_collection: 3"}
{"level":"info","time":"2025-09-18T22:44:34Z","message":"_id is  ObjectID"}
{"level":"info","time":"2025-09-18T22:44:34Z","message":"Starting backfill for stream[test_collection] with 1 chunks"}
{"level":"info","time":"2025-09-18T22:44:34Z","message":"Thread[olake_mongodb_test.test_collection_01K5FG0EAD2WG895X0M3XPWAY4]: created writer for chunk min[68cc8aadbf87edbad42b925c] and max[%!s(<nil>)] of stream olake_mongodb_test.test_collection"}
{"level":"info","time":"2025-09-18T22:44:34Z","message":"Thread[olake_mongodb_test.test_collection_01K5FG0EAD2WG895X0M3XPWAY4]: created new partition file[/tmp/mongodb_olake_mongodb_test/test_collection/2025-9-18_22-44-34_01K5FG0EAE973V9A1MVMP2DZVC.parquet]"}
{"level":"info","time":"2025-09-18T22:44:34Z","message":"Thread[olake_mongodb_test.test_collection_01K5FG0EAD2WG895X0M3XPWAY4]: successfully wrote 3 records"}
{"level":"info","time":"2025-09-18T22:44:34Z","message":"Thread[olake_mongodb_test.test_collection_01K5FG0EAD2WG895X0M3XPWAY4]: Finished writing file [/tmp/mongodb_olake_mongodb_test/test_collection/2025-9-18_22-44-34_01K5FG0EAE973V9A1MVMP2DZVC.parquet]."}
{"level":"debug","time":"2025-09-18T22:44:34Z","message":"Thread[olake_mongodb_test.test_collection_01K5FG0EAD2WG895X0M3XPWAY4]: Deleted file [/tmp/mongodb_olake_mongodb_test/test_collection/2025-9-18_22-44-34_01K5FG0EAE973V9A1MVMP2DZVC.parquet], reason (uploaded to S3)."}
{"level":"info","time":"2025-09-18T22:44:34Z","message":"Thread[olake_mongodb_test.test_collection_01K5FG0EAD2WG895X0M3XPWAY4]: successfully uploaded file to S3: s3://olake-data/mongodb_olake_mongodb_test/test_collection/2025-9-18_22-44-34_01K5FG0EAE973V9A1MVMP2DZVC.parquet"}
{"level":"info","time":"2025-09-18T22:44:34Z","message":"finished chunk min[68cc8aadbf87edbad42b925c] and max[<nil>] of stream olake_mongodb_test.test_collection"}
{"level":"info","time":"2025-09-18T22:44:34Z","message":"Thread[olake_mongodb_test.test_collection_01K5FG0EAHQA9QJ2PSA8KJ0P4T]: created cdc writer for stream olake_mongodb_test.test_collection"}
{"level":"info","time":"2025-09-18T22:44:34Z","message":"Starting CDC sync for stream[olake_mongodb_test.test_collection] with resume token[8268CC8B4E000000022B0229296E04]"}
{"level":"info","time":"2025-09-18T22:44:34Z","message":"Total records read: 3"}
{"level":"info","time":"2025-09-18T22:44:34Z","message":"Sync completed, wait 5 seconds cleanup in progress..."}
