{"level":"info","time":"2025-09-18T22:53:02Z","message":"Running sync with state: {\"type\":\"STREAM\"}"}
{"level":"info","time":"2025-09-18T22:53:02Z","message":"setting max threads to default[%d]%!(EXTRA int=3)"}
{"level":"info","time":"2025-09-18T22:53:02Z","message":"Starting discover for MongoDB database olake_mongodb_test"}
{"level":"info","time":"2025-09-18T22:53:02Z","message":"producing type schema for stream [test_collection]"}
{"level":"info","time":"2025-09-18T22:53:02Z","message":"Valid selected streams are olake_mongodb_test.test_collection"}
{"level":"info","time":"2025-09-18T22:53:02Z","message":"Thread[test_parquet_destination]: s3 writer configuration found"}
{"level":"info","time":"2025-09-18T22:53:02Z","message":"Thread[test_parquet_destination]: no streams selected for clearing, skipping clear operation"}
{"level":"info","time":"2025-09-18T22:53:02Z","message":"Total expected count for stream olake_mongodb_test.test_collection: 4"}
{"level":"info","time":"2025-09-18T22:53:02Z","message":"_id is  ObjectID"}
{"level":"info","time":"2025-09-18T22:53:02Z","message":"Starting backfill for stream[test_collection] with 1 chunks"}
{"level":"info","time":"2025-09-18T22:53:02Z","message":"Thread[olake_mongodb_test.test_collection_01K5FGFY6QG1HZF7SG1MTQ8ABE]: created writer for chunk min[68cc8d3edf5b8ccf6b2b925c] and max[%!s(<nil>)] of stream olake_mongodb_test.test_collection"}
{"level":"info","time":"2025-09-18T22:53:02Z","message":"Thread[olake_mongodb_test.test_collection_01K5FGFY6QG1HZF7SG1MTQ8ABE]: created new partition file[/tmp/mongodb_olake_mongodb_test/test_collection/2025-9-18_22-53-2_01K5FGFY6RT7GW1Y8AYTCBM3J1.parquet]"}
{"level":"info","time":"2025-09-18T22:53:02Z","message":"Thread[olake_mongodb_test.test_collection_01K5FGFY6QG1HZF7SG1MTQ8ABE]: successfully wrote 4 records"}
{"level":"info","time":"2025-09-18T22:53:02Z","message":"Thread[olake_mongodb_test.test_collection_01K5FGFY6QG1HZF7SG1MTQ8ABE]: Finished writing file [/tmp/mongodb_olake_mongodb_test/test_collection/2025-9-18_22-53-2_01K5FGFY6RT7GW1Y8AYTCBM3J1.parquet]."}
{"level":"debug","time":"2025-09-18T22:53:02Z","message":"Thread[olake_mongodb_test.test_collection_01K5FGFY6QG1HZF7SG1MTQ8ABE]: Deleted file [/tmp/mongodb_olake_mongodb_test/test_collection/2025-9-18_22-53-2_01K5FGFY6RT7GW1Y8AYTCBM3J1.parquet], reason (uploaded to S3)."}
{"level":"info","time":"2025-09-18T22:53:02Z","message":"Thread[olake_mongodb_test.test_collection_01K5FGFY6QG1HZF7SG1MTQ8ABE]: successfully uploaded file to S3: s3://olake-data/mongodb_olake_mongodb_test/test_collection/2025-9-18_22-53-2_01K5FGFY6RT7GW1Y8AYTCBM3J1.parquet"}
{"level":"info","time":"2025-09-18T22:53:02Z","message":"finished chunk min[68cc8d3edf5b8ccf6b2b925c] and max[<nil>] of stream olake_mongodb_test.test_collection"}
{"level":"info","time":"2025-09-18T22:53:02Z","message":"Thread[olake_mongodb_test.test_collection_01K5FGFY6VM2BAQFMC1AM112R0]: created cdc writer for stream olake_mongodb_test.test_collection"}
{"level":"info","time":"2025-09-18T22:53:02Z","message":"Starting CDC sync for stream[olake_mongodb_test.test_collection] with resume token[8268CC8D4D000000022B0229296E04]"}
{"level":"info","time":"2025-09-18T22:53:02Z","message":"Total records read: 4"}
{"level":"info","time":"2025-09-18T22:53:02Z","message":"Sync completed, wait 5 seconds cleanup in progress..."}
