{"level":"info","time":"2025-09-18T22:52:56Z","message":"Running sync with state: {\"type\":\"STREAM\"}"}
{"level":"info","time":"2025-09-18T22:52:56Z","message":"setting max threads to default[%d]%!(EXTRA int=3)"}
{"level":"info","time":"2025-09-18T22:52:56Z","message":"Starting discover for MongoDB database olake_mongodb_test"}
{"level":"info","time":"2025-09-18T22:52:56Z","message":"producing type schema for stream [test_collection]"}
{"level":"info","time":"2025-09-18T22:52:56Z","message":"Valid selected streams are olake_mongodb_test.test_collection"}
{"level":"info","time":"2025-09-18T22:52:56Z","message":"Thread[test_parquet_destination]: s3 writer configuration found"}
{"level":"info","time":"2025-09-18T22:52:56Z","message":"Thread[test_parquet_destination]: no streams selected for clearing, skipping clear operation"}
{"level":"info","time":"2025-09-18T22:52:56Z","message":"Total expected count for stream olake_mongodb_test.test_collection: 3"}
{"level":"info","time":"2025-09-18T22:52:56Z","message":"_id is  ObjectID"}
{"level":"info","time":"2025-09-18T22:52:56Z","message":"Starting backfill for stream[test_collection] with 1 chunks"}
{"level":"info","time":"2025-09-18T22:52:56Z","message":"Thread[olake_mongodb_test.test_collection_01K5FGFRV0HA2GJ9VKFGBY12FD]: created writer for chunk min[68cc8d3edf5b8ccf6b2b925c] and max[%!s(<nil>)] of stream olake_mongodb_test.test_collection"}
{"level":"info","time":"2025-09-18T22:52:56Z","message":"Thread[olake_mongodb_test.test_collection_01K5FGFRV0HA2GJ9VKFGBY12FD]: created new partition file[/tmp/mongodb_olake_mongodb_test/test_collection/2025-9-18_22-52-56_01K5FGFRV1951C7RQ1AXJA4VPM.parquet]"}
{"level":"info","time":"2025-09-18T22:52:56Z","message":"Thread[olake_mongodb_test.test_collection_01K5FGFRV0HA2GJ9VKFGBY12FD]: successfully wrote 3 records"}
{"level":"info","time":"2025-09-18T22:52:56Z","message":"Thread[olake_mongodb_test.test_collection_01K5FGFRV0HA2GJ9VKFGBY12FD]: Finished writing file [/tmp/mongodb_olake_mongodb_test/test_collection/2025-9-18_22-52-56_01K5FGFRV1951C7RQ1AXJA4VPM.parquet]."}
{"level":"debug","time":"2025-09-18T22:52:56Z","message":"Thread[olake_mongodb_test.test_collection_01K5FGFRV0HA2GJ9VKFGBY12FD]: Deleted file [/tmp/mongodb_olake_mongodb_test/test_collection/2025-9-18_22-52-56_01K5FGFRV1951C7RQ1AXJA4VPM.parquet], reason (uploaded to S3)."}
{"level":"info","time":"2025-09-18T22:52:56Z","message":"Thread[olake_mongodb_test.test_collection_01K5FGFRV0HA2GJ9VKFGBY12FD]: successfully uploaded file to S3: s3://olake-data/mongodb_olake_mongodb_test/test_collection/2025-9-18_22-52-56_01K5FGFRV1951C7RQ1AXJA4VPM.parquet"}
{"level":"info","time":"2025-09-18T22:52:56Z","message":"finished chunk min[68cc8d3edf5b8ccf6b2b925c] and max[<nil>] of stream olake_mongodb_test.test_collection"}
{"level":"info","time":"2025-09-18T22:52:56Z","message":"Thread[olake_mongodb_test.test_collection_01K5FGFRV4M22DSFPNHWHCKFS5]: created cdc writer for stream olake_mongodb_test.test_collection"}
{"level":"info","time":"2025-09-18T22:52:56Z","message":"Starting CDC sync for stream[olake_mongodb_test.test_collection] with resume token[8268CC8D3F000000032B0229296E04]"}
{"level":"info","time":"2025-09-18T22:52:56Z","message":"Total records read: 3"}
{"level":"info","time":"2025-09-18T22:52:56Z","message":"Sync completed, wait 5 seconds cleanup in progress..."}
