{"level":"info","time":"2025-09-18T23:00:59Z","message":"Running sync with state: {\"type\":\"STREAM\"}"}
{"level":"info","time":"2025-09-18T23:00:59Z","message":"setting max threads to default[%d]%!(EXTRA int=3)"}
{"level":"info","time":"2025-09-18T23:00:59Z","message":"Starting discover for MongoDB database olake_mongodb_test"}
{"level":"info","time":"2025-09-18T23:00:59Z","message":"producing type schema for stream [test_collection]"}
{"level":"info","time":"2025-09-18T23:00:59Z","message":"Valid selected streams are olake_mongodb_test.test_collection"}
{"level":"info","time":"2025-09-18T23:00:59Z","message":"Thread[test_parquet_destination]: s3 writer configuration found"}
{"level":"info","time":"2025-09-18T23:00:59Z","message":"Thread[test_parquet_destination]: no streams selected for clearing, skipping clear operation"}
{"level":"info","time":"2025-09-18T23:00:59Z","message":"Total expected count for stream olake_mongodb_test.test_collection: 11"}
{"level":"info","time":"2025-09-18T23:00:59Z","message":"_id is  ObjectID"}
{"level":"info","time":"2025-09-18T23:00:59Z","message":"Starting backfill for stream[test_collection] with 1 chunks"}
{"level":"info","time":"2025-09-18T23:00:59Z","message":"Thread[olake_mongodb_test.test_collection_01K5FGYG8SW5QFBH65C3F21EP5]: created writer for chunk min[68cc8f0ce8486304062b925c] and max[%!s(<nil>)] of stream olake_mongodb_test.test_collection"}
{"level":"info","time":"2025-09-18T23:00:59Z","message":"Thread[olake_mongodb_test.test_collection_01K5FGYG8SW5QFBH65C3F21EP5]: created new partition file[/tmp/mongodb_olake_mongodb_test/test_collection/2025-9-18_23-0-59_01K5FGYG8TR47DC14DWQ35G3ZX.parquet]"}
{"level":"info","time":"2025-09-18T23:00:59Z","message":"Thread[olake_mongodb_test.test_collection_01K5FGYG8SW5QFBH65C3F21EP5]: successfully wrote 11 records"}
{"level":"info","time":"2025-09-18T23:00:59Z","message":"Thread[olake_mongodb_test.test_collection_01K5FGYG8SW5QFBH65C3F21EP5]: Finished writing file [/tmp/mongodb_olake_mongodb_test/test_collection/2025-9-18_23-0-59_01K5FGYG8TR47DC14DWQ35G3ZX.parquet]."}
{"level":"debug","time":"2025-09-18T23:00:59Z","message":"Thread[olake_mongodb_test.test_collection_01K5FGYG8SW5QFBH65C3F21EP5]: Deleted file [/tmp/mongodb_olake_mongodb_test/test_collection/2025-9-18_23-0-59_01K5FGYG8TR47DC14DWQ35G3ZX.parquet], reason (uploaded to S3)."}
{"level":"info","time":"2025-09-18T23:00:59Z","message":"Thread[olake_mongodb_test.test_collection_01K5FGYG8SW5QFBH65C3F21EP5]: successfully uploaded file to S3: s3://olake-data/mongodb_olake_mongodb_test/test_collection/2025-9-18_23-0-59_01K5FGYG8TR47DC14DWQ35G3ZX.parquet"}
{"level":"info","time":"2025-09-18T23:00:59Z","message":"finished chunk min[68cc8f0ce8486304062b925c] and max[<nil>] of stream olake_mongodb_test.test_collection"}
{"level":"info","time":"2025-09-18T23:00:59Z","message":"Thread[olake_mongodb_test.test_collection_01K5FGYG8YND18D2MNY6ZXRH3B]: created cdc writer for stream olake_mongodb_test.test_collection"}
{"level":"info","time":"2025-09-18T23:00:59Z","message":"Starting CDC sync for stream[olake_mongodb_test.test_collection] with resume token[8268CC8F2B000000022B0229296E04]"}
{"level":"info","time":"2025-09-18T23:00:59Z","message":"Total records read: 11"}
{"level":"info","time":"2025-09-18T23:00:59Z","message":"Sync completed, wait 5 seconds cleanup in progress..."}
